Using pre-set license
Built from '2021.1/staging' branch; Version is '2021.1.21f1 (f2d5d3c59f8c) revision 15914451'; Using compiler version '192528614'; Build Type 'Release'
OS: 'Windows 10 Home; OS build 19045.2006; Version 2009; 64bit' Language: 'en' Physical Memory: 32718 MB
BatchMode: 1, IsHumanControllingUs: 0, StartBugReporterOnCrash: 0, Is64bit: 1, IsPro: 0

COMMAND LINE ARGUMENTS:
C:\Program Files\Unity\Hub\Editor\2021.1.21f1\Editor\Unity.exe
-adb2
-batchMode
-noUpm
-name
AssetImportWorker0
-projectPath
C:/Users/Retri/Documents/GitHub/NAFS/NAFS
-logFile
Logs/AssetImportWorker0.log
-srvPort
49684
Successfully changed project path to: C:/Users/Retri/Documents/GitHub/NAFS/NAFS
C:/Users/Retri/Documents/GitHub/NAFS/NAFS
Using Asset Import Pipeline V2.
Refreshing native plugins compatible for Editor in 91.67 ms, found 4 plugins.
Preloading 0 native plugins for Editor in 0.00 ms.
Initialize engine version: 2021.1.21f1 (f2d5d3c59f8c)
[Subsystems] Discovering subsystems at path C:/Program Files/Unity/Hub/Editor/2021.1.21f1/Editor/Data/Resources/UnitySubsystems
[Subsystems] Discovering subsystems at path C:/Users/Retri/Documents/GitHub/NAFS/NAFS/Assets
GfxDevice: creating device client; threaded=0; jobified=0
Direct3D:
    Version:  Direct3D 11.0 [level 11.1]
    Renderer: AMD Radeon RX 5700 XT (ID=0x731f)
    Vendor:   ATI
    VRAM:     8151 MB
    Driver:   31.0.14051.1000
Initialize mono
Mono path[0] = 'C:/Program Files/Unity/Hub/Editor/2021.1.21f1/Editor/Data/Managed'
Mono path[1] = 'C:/Program Files/Unity/Hub/Editor/2021.1.21f1/Editor/Data/MonoBleedingEdge/lib/mono/unityjit'
Mono config path = 'C:/Program Files/Unity/Hub/Editor/2021.1.21f1/Editor/Data/MonoBleedingEdge/etc'
Using monoOptions --debugger-agent=transport=dt_socket,embedding=1,server=y,suspend=n,address=127.0.0.1:56664
Begin MonoManager ReloadAssembly
Registering precompiled unity dll's ...
Register platform support module: C:/Program Files/Unity/Hub/Editor/2021.1.21f1/Editor/Data/PlaybackEngines/WebGLSupport/UnityEditor.WebGL.Extensions.dll
Register platform support module: C:/Program Files/Unity/Hub/Editor/2021.1.21f1/Editor/Data/PlaybackEngines/WindowsStandaloneSupport/UnityEditor.WindowsStandalone.Extensions.dll
Registered in 0.001400 seconds.
Native extension for WindowsStandalone target not found
Native extension for WebGL target not found
Refreshing native plugins compatible for Editor in 96.30 ms, found 4 plugins.
Preloading 0 native plugins for Editor in 0.00 ms.
Mono: successfully reloaded assembly
- Completed reload, in  1.382 seconds
Domain Reload Profiling:
	ReloadAssembly (1382ms)
		BeginReloadAssembly (46ms)
			ExecutionOrderSort (0ms)
			DisableScriptedObjects (0ms)
			BackupInstance (0ms)
			ReleaseScriptingObjects (0ms)
			CreateAndSetChildDomain (1ms)
		EndReloadAssembly (415ms)
			LoadAssemblies (45ms)
			RebuildTransferFunctionScriptingTraits (0ms)
			SetupTypeCache (142ms)
			ReleaseScriptCaches (0ms)
			RebuildScriptCaches (24ms)
			SetupLoadedEditorAssemblies (211ms)
				LogAssemblyErrors (0ms)
				InitializePlatformSupportModulesInManaged (6ms)
				SetLoadedEditorAssemblies (0ms)
				RefreshPlugins (96ms)
				BeforeProcessingInitializeOnLoad (1ms)
				ProcessInitializeOnLoadAttributes (82ms)
				ProcessInitializeOnLoadMethodAttributes (25ms)
				AfterProcessingInitializeOnLoad (0ms)
				EditorAssembliesLoaded (0ms)
			ExecutionOrderSort2 (0ms)
			AwakeInstancesAfterBackupRestoration (0ms)
Platform modules already initialized, skipping
Registering precompiled user dll's ...
Registered in 0.003594 seconds.
Begin MonoManager ReloadAssembly
Symbol file LoadedFromMemory doesn't match image C:\Users\Retri\Documents\GitHub\NAFS\NAFS\Library\PackageCache\com.unity.visualscripting@1.6.1\Editor\VisualScripting.Core\Dependencies\YamlDotNet\Unity.VisualScripting.YamlDotNet.dll
Symbol file LoadedFromMemory doesn't match image C:\Users\Retri\Documents\GitHub\NAFS\NAFS\Library\PackageCache\com.unity.visualscripting@1.6.1\Editor\VisualScripting.Core\Dependencies\DotNetZip\Unity.VisualScripting.IonicZip.dll
Native extension for WindowsStandalone target not found
Native extension for WebGL target not found
Refreshing native plugins compatible for Editor in 96.76 ms, found 4 plugins.
Preloading 0 native plugins for Editor in 0.00 ms.
Mono: successfully reloaded assembly
- Completed reload, in  1.121 seconds
Domain Reload Profiling:
	ReloadAssembly (1122ms)
		BeginReloadAssembly (133ms)
			ExecutionOrderSort (0ms)
			DisableScriptedObjects (5ms)
			BackupInstance (0ms)
			ReleaseScriptingObjects (0ms)
			CreateAndSetChildDomain (20ms)
		EndReloadAssembly (935ms)
			LoadAssemblies (84ms)
			RebuildTransferFunctionScriptingTraits (0ms)
			SetupTypeCache (326ms)
			ReleaseScriptCaches (1ms)
			RebuildScriptCaches (49ms)
			SetupLoadedEditorAssemblies (394ms)
				LogAssemblyErrors (0ms)
				InitializePlatformSupportModulesInManaged (4ms)
				SetLoadedEditorAssemblies (0ms)
				RefreshPlugins (97ms)
				BeforeProcessingInitializeOnLoad (75ms)
				ProcessInitializeOnLoadAttributes (201ms)
				ProcessInitializeOnLoadMethodAttributes (13ms)
				AfterProcessingInitializeOnLoad (3ms)
				EditorAssembliesLoaded (0ms)
			ExecutionOrderSort2 (0ms)
			AwakeInstancesAfterBackupRestoration (6ms)
Platform modules already initialized, skipping
========================================================================
Worker process is ready to serve import requests
Launched and connected shader compiler UnityShaderCompiler.exe after 0.03 seconds
Refreshing native plugins compatible for Editor in 0.99 ms, found 4 plugins.
Preloading 0 native plugins for Editor in 0.00 ms.
Unloading 3676 Unused Serialized files (Serialized files now loaded: 0)
System memory in use before: 136.4 MB.
System memory in use after: 136.6 MB.

Unloading 29 unused Assets to reduce memory usage. Loaded Objects now: 4123.
Total: 3.594300 ms (FindLiveObjects: 0.403100 ms CreateObjectMapping: 0.100100 ms MarkObjects: 3.021100 ms  DeleteObjects: 0.067900 ms)

AssetImportParameters requested are different than current active one (requested -> active):
  custom:framework-win-MediaFoundation: 216162199b28c13a410421893ffa2e32 -> 
  custom:video-decoder-ogg-theora: a1e56fd34408186e4bbccfd4996cb3dc -> 
  custom:container-muxer-webm: aa71ff27fc2769a1b78a27578f13a17b -> 
  custom:container-demuxer-webm: 4f35f7cbe854078d1ac9338744f61a02 -> 
  custom:container-demuxer-ogg: 62fdf1f143b41e24485cea50d1cbac27 -> 
  custom:video-encoder-webm-vp8: eb34c28f22e8b96e1ab97ce403110664 -> 
  custom:video-decoder-webm-vp8: 9c59270c3fd7afecdb556c50c9e8de78 -> 
  custom:audio-decoder-ogg-vorbis: bf7c407c2cedff20999df2af8eb42d56 -> 
  custom:audio-encoder-webm-vorbis: bf7c407c2cedff20999df2af8eb42d56 -> 
========================================================================
Received Import Request.
  path: Assets/Resources/Environment/Overworld.png
  artifactKey: Guid(a163cfd5595c80f4187a975dd66f4b9d) Importer(815301076,1909f56bfc062723c751e8b465ee728b)
Start importing Assets/Resources/Environment/Overworld.png using Guid(a163cfd5595c80f4187a975dd66f4b9d) Importer(815301076,1909f56bfc062723c751e8b465ee728b)  -> (artifact id: '00000000000000000000000000000000') in 0.141296 seconds  code(4) message(Build asset version error: assets/resources/environment/overworld.png in SourceAssetDB has modification time of '2023-04-27T06:36:55.5021151Z' while content on disk has modification time of '2023-04-27T06:37:00.025276Z')
  ERROR: Build asset version error: assets/resources/environment/overworld.png in SourceAssetDB has modification time of '2023-04-27T06:36:55.5021151Z' while content on disk has modification time of '2023-04-27T06:37:00.025276Z'
========================================================================
Received Import Request.
  Time since last request: 6.336435 seconds.
  path: Assets/Resources/Environment/Overworld.png
  artifactKey: Guid(a163cfd5595c80f4187a975dd66f4b9d) Importer(815301076,1909f56bfc062723c751e8b465ee728b)
Start importing Assets/Resources/Environment/Overworld.png using Guid(a163cfd5595c80f4187a975dd66f4b9d) Importer(815301076,1909f56bfc062723c751e8b465ee728b)  -> (artifact id: '2a401d2699ea8208b466723661731038') in 0.042772 seconds 
========================================================================
Received Import Request.
  Time since last request: 3.318859 seconds.
  path: Assets/Resources/Environment/Overworld.png
  artifactKey: Guid(a163cfd5595c80f4187a975dd66f4b9d) Importer(815301076,1909f56bfc062723c751e8b465ee728b)
Start importing Assets/Resources/Environment/Overworld.png using Guid(a163cfd5595c80f4187a975dd66f4b9d) Importer(815301076,1909f56bfc062723c751e8b465ee728b)  -> (artifact id: 'ada77653e5e516915e786a0086f7e78e') in 0.038434 seconds 
========================================================================
Received Import Request.
  Time since last request: 4.257230 seconds.
  path: Assets/Resources/Environment/Overworld.png
  artifactKey: Guid(a163cfd5595c80f4187a975dd66f4b9d) Importer(815301076,1909f56bfc062723c751e8b465ee728b)
Start importing Assets/Resources/Environment/Overworld.png using Guid(a163cfd5595c80f4187a975dd66f4b9d) Importer(815301076,1909f56bfc062723c751e8b465ee728b)  -> (artifact id: '0faf7a7774366c939d37dd026e6325a5') in 0.040269 seconds 
========================================================================
Received Import Request.
  Time since last request: 40.372933 seconds.
  path: Assets/Resources/Environment/Overworld.png
  artifactKey: Guid(a163cfd5595c80f4187a975dd66f4b9d) Importer(815301076,1909f56bfc062723c751e8b465ee728b)
Start importing Assets/Resources/Environment/Overworld.png using Guid(a163cfd5595c80f4187a975dd66f4b9d) Importer(815301076,1909f56bfc062723c751e8b465ee728b)  -> (artifact id: '8180edb0a12939ff2c1a891d84d17d93') in 0.035221 seconds 
========================================================================
Received Import Request.
  Time since last request: 7.944204 seconds.
  path: Assets/Resources/Environment/Overworld.png
  artifactKey: Guid(a163cfd5595c80f4187a975dd66f4b9d) Importer(815301076,1909f56bfc062723c751e8b465ee728b)
Start importing Assets/Resources/Environment/Overworld.png using Guid(a163cfd5595c80f4187a975dd66f4b9d) Importer(815301076,1909f56bfc062723c751e8b465ee728b)  -> (artifact id: 'f3e57aa9237e6d0e359025e4ee069800') in 0.037742 seconds 
========================================================================
Received Import Request.
  Time since last request: 19.318783 seconds.
  path: Assets/Resources/Environment/Overworld.png
  artifactKey: Guid(a163cfd5595c80f4187a975dd66f4b9d) Importer(815301076,1909f56bfc062723c751e8b465ee728b)
Start importing Assets/Resources/Environment/Overworld.png using Guid(a163cfd5595c80f4187a975dd66f4b9d) Importer(815301076,1909f56bfc062723c751e8b465ee728b)  -> (artifact id: '5a746b65b5dc3346e5b7c16f57330225') in 0.036595 seconds 
========================================================================
Received Import Request.
  Time since last request: 12.003868 seconds.
  path: Assets/Resources/Environment/Overworld.png
  artifactKey: Guid(a163cfd5595c80f4187a975dd66f4b9d) Importer(815301076,1909f56bfc062723c751e8b465ee728b)
Start importing Assets/Resources/Environment/Overworld.png using Guid(a163cfd5595c80f4187a975dd66f4b9d) Importer(815301076,1909f56bfc062723c751e8b465ee728b)  -> (artifact id: 'bd096401cda2b36b0385496a67a20f77') in 0.039052 seconds 
========================================================================
Received Import Request.
  Time since last request: 8.247981 seconds.
  path: Assets/Resources/Environment/Overworld.png
  artifactKey: Guid(a163cfd5595c80f4187a975dd66f4b9d) Importer(815301076,1909f56bfc062723c751e8b465ee728b)
Start importing Assets/Resources/Environment/Overworld.png using Guid(a163cfd5595c80f4187a975dd66f4b9d) Importer(815301076,1909f56bfc062723c751e8b465ee728b)  -> (artifact id: 'b0a54b0c9a8321e5a169c819eae2b935') in 0.037740 seconds 
========================================================================
Received Import Request.
  Time since last request: 14.303725 seconds.
  path: Assets/Resources/Environment/Overworld.png
  artifactKey: Guid(a163cfd5595c80f4187a975dd66f4b9d) Importer(815301076,1909f56bfc062723c751e8b465ee728b)
Start importing Assets/Resources/Environment/Overworld.png using Guid(a163cfd5595c80f4187a975dd66f4b9d) Importer(815301076,1909f56bfc062723c751e8b465ee728b)  -> (artifact id: '70af9bf2b3030052c4a9208d10fb021d') in 0.037634 seconds 
========================================================================
Received Import Request.
  Time since last request: 28.796590 seconds.
  path: Assets/Resources/Environment/Overworld.png
  artifactKey: Guid(a163cfd5595c80f4187a975dd66f4b9d) Importer(815301076,1909f56bfc062723c751e8b465ee728b)
Start importing Assets/Resources/Environment/Overworld.png using Guid(a163cfd5595c80f4187a975dd66f4b9d) Importer(815301076,1909f56bfc062723c751e8b465ee728b)  -> (artifact id: '16d8df86fc3cef99e0819d0fa1417bcc') in 0.036737 seconds 
========================================================================
Received Import Request.
  Time since last request: 33.507191 seconds.
  path: Assets/Resources/Environment/Overworld.png
  artifactKey: Guid(a163cfd5595c80f4187a975dd66f4b9d) Importer(815301076,1909f56bfc062723c751e8b465ee728b)
Start importing Assets/Resources/Environment/Overworld.png using Guid(a163cfd5595c80f4187a975dd66f4b9d) Importer(815301076,1909f56bfc062723c751e8b465ee728b)  -> (artifact id: 'bff960ec7ec6a8666f7c9a67b9b18968') in 0.036192 seconds 
========================================================================
Received Import Request.
  Time since last request: 83.479752 seconds.
  path: Assets/Resources/Environment/Tile Palettes/Grass Rule.asset
  artifactKey: Guid(b08c19514f6fd2e4cb0fe7f809a5145d) Importer(815301076,1909f56bfc062723c751e8b465ee728b)
Start importing Assets/Resources/Environment/Tile Palettes/Grass Rule.asset using Guid(b08c19514f6fd2e4cb0fe7f809a5145d) Importer(815301076,1909f56bfc062723c751e8b465ee728b)  -> (artifact id: 'ae1add07ab90bf011ae09596f5e880f3') in 0.026772 seconds 
========================================================================
Received Import Request.
  Time since last request: 66.825120 seconds.
  path: Assets/Resources/Environment/Overworld.png
  artifactKey: Guid(a163cfd5595c80f4187a975dd66f4b9d) Importer(815301076,1909f56bfc062723c751e8b465ee728b)
Start importing Assets/Resources/Environment/Overworld.png using Guid(a163cfd5595c80f4187a975dd66f4b9d) Importer(815301076,1909f56bfc062723c751e8b465ee728b)  -> (artifact id: 'c09902e1f73a6a3387bb748c7e174190') in 0.036978 seconds 
========================================================================
Received Import Request.
  Time since last request: 16.736346 seconds.
  path: Assets/Resources/Environment/Overworld.png
  artifactKey: Guid(a163cfd5595c80f4187a975dd66f4b9d) Importer(815301076,1909f56bfc062723c751e8b465ee728b)
Start importing Assets/Resources/Environment/Overworld.png using Guid(a163cfd5595c80f4187a975dd66f4b9d) Importer(815301076,1909f56bfc062723c751e8b465ee728b)  -> (artifact id: '49754542acc4600872c01309813931b7') in 0.036046 seconds 
========================================================================
Received Import Request.
  Time since last request: 85.449155 seconds.
  path: Assets/Resources/Environment/Tile Palettes/Grass Rule.asset
  artifactKey: Guid(b08c19514f6fd2e4cb0fe7f809a5145d) Importer(815301076,1909f56bfc062723c751e8b465ee728b)
Start importing Assets/Resources/Environment/Tile Palettes/Grass Rule.asset using Guid(b08c19514f6fd2e4cb0fe7f809a5145d) Importer(815301076,1909f56bfc062723c751e8b465ee728b)  -> (artifact id: 'b6376c66fc2f6c37c3e69868e7fa2772') in 0.006067 seconds 
========================================================================
Received Import Request.
  Time since last request: 56.915121 seconds.
  path: Assets/Resources/Environment/Overworld.png
  artifactKey: Guid(a163cfd5595c80f4187a975dd66f4b9d) Importer(815301076,1909f56bfc062723c751e8b465ee728b)
Start importing Assets/Resources/Environment/Overworld.png using Guid(a163cfd5595c80f4187a975dd66f4b9d) Importer(815301076,1909f56bfc062723c751e8b465ee728b)  -> (artifact id: 'ec64e2766111874c1008f2a86192598b') in 0.036691 seconds 
========================================================================
Received Import Request.
  Time since last request: 19.214557 seconds.
  path: Assets/Resources/Environment/Overworld.png
  artifactKey: Guid(a163cfd5595c80f4187a975dd66f4b9d) Importer(815301076,1909f56bfc062723c751e8b465ee728b)
Start importing Assets/Resources/Environment/Overworld.png using Guid(a163cfd5595c80f4187a975dd66f4b9d) Importer(815301076,1909f56bfc062723c751e8b465ee728b)  -> (artifact id: 'b938f28547d4aa0c659e8c38351bf334') in 0.035412 seconds 
========================================================================
Received Import Request.
  Time since last request: 8.457423 seconds.
  path: Assets/Resources/Environment/Overworld.png
  artifactKey: Guid(a163cfd5595c80f4187a975dd66f4b9d) Importer(815301076,1909f56bfc062723c751e8b465ee728b)
Start importing Assets/Resources/Environment/Overworld.png using Guid(a163cfd5595c80f4187a975dd66f4b9d) Importer(815301076,1909f56bfc062723c751e8b465ee728b)  -> (artifact id: '64b486d49b5f117e0e652e235abf3440') in 0.037164 seconds 
========================================================================
Received Import Request.
  Time since last request: 19.834726 seconds.
  path: Assets/Resources/Environment/Overworld.png
  artifactKey: Guid(a163cfd5595c80f4187a975dd66f4b9d) Importer(815301076,1909f56bfc062723c751e8b465ee728b)
Start importing Assets/Resources/Environment/Overworld.png using Guid(a163cfd5595c80f4187a975dd66f4b9d) Importer(815301076,1909f56bfc062723c751e8b465ee728b)  -> (artifact id: 'ddf711a1cdac3e3f22d42c883247c340') in 0.036018 seconds 
========================================================================
Received Import Request.
  Time since last request: 42.037776 seconds.
  path: Assets/Resources/Environment/Overworld.png
  artifactKey: Guid(a163cfd5595c80f4187a975dd66f4b9d) Importer(815301076,1909f56bfc062723c751e8b465ee728b)
Start importing Assets/Resources/Environment/Overworld.png using Guid(a163cfd5595c80f4187a975dd66f4b9d) Importer(815301076,1909f56bfc062723c751e8b465ee728b)  -> (artifact id: '6513eae7991e5a538acbaf9e8239e880') in 0.036645 seconds 
========================================================================
Received Import Request.
  Time since last request: 14.807665 seconds.
  path: Assets/Resources/Environment/Overworld.png
  artifactKey: Guid(a163cfd5595c80f4187a975dd66f4b9d) Importer(815301076,1909f56bfc062723c751e8b465ee728b)
Start importing Assets/Resources/Environment/Overworld.png using Guid(a163cfd5595c80f4187a975dd66f4b9d) Importer(815301076,1909f56bfc062723c751e8b465ee728b)  -> (artifact id: '9c8ab6770527e026bdc2f463d8653504') in 0.035194 seconds 
========================================================================
Received Import Request.
  Time since last request: 34.456471 seconds.
  path: Assets/Resources/Environment/Overworld.png
  artifactKey: Guid(a163cfd5595c80f4187a975dd66f4b9d) Importer(815301076,1909f56bfc062723c751e8b465ee728b)
Start importing Assets/Resources/Environment/Overworld.png using Guid(a163cfd5595c80f4187a975dd66f4b9d) Importer(815301076,1909f56bfc062723c751e8b465ee728b)  -> (artifact id: 'd387a8539604c48f3291fd28e84b1bf9') in 0.035603 seconds 
========================================================================
Received Import Request.
  Time since last request: 12.757709 seconds.
  path: Assets/Resources/Environment/Overworld.png
  artifactKey: Guid(a163cfd5595c80f4187a975dd66f4b9d) Importer(815301076,1909f56bfc062723c751e8b465ee728b)
Start importing Assets/Resources/Environment/Overworld.png using Guid(a163cfd5595c80f4187a975dd66f4b9d) Importer(815301076,1909f56bfc062723c751e8b465ee728b)  -> (artifact id: '85cafe98d39c0ebcb315bc4a7c405484') in 0.037004 seconds 
========================================================================
Received Import Request.
  Time since last request: 115.943303 seconds.
  path: Assets/Resources/Environment/Overworld.png
  artifactKey: Guid(a163cfd5595c80f4187a975dd66f4b9d) Importer(815301076,1909f56bfc062723c751e8b465ee728b)
Start importing Assets/Resources/Environment/Overworld.png using Guid(a163cfd5595c80f4187a975dd66f4b9d) Importer(815301076,1909f56bfc062723c751e8b465ee728b)  -> (artifact id: '28baebc3a74e531b1bfa897d4df3a418') in 0.035260 seconds 
========================================================================
Received Import Request.
  Time since last request: 126.348550 seconds.
  path: Assets/Resources/Environment/Overworld.png
  artifactKey: Guid(a163cfd5595c80f4187a975dd66f4b9d) Importer(815301076,1909f56bfc062723c751e8b465ee728b)
Start importing Assets/Resources/Environment/Overworld.png using Guid(a163cfd5595c80f4187a975dd66f4b9d) Importer(815301076,1909f56bfc062723c751e8b465ee728b)  -> (artifact id: '2c61ba8d5c546ebe2aa30b143cb30c0c') in 0.035715 seconds 
========================================================================
Received Import Request.
  Time since last request: 52.050561 seconds.
  path: Assets/Resources/Environment/Overworld.png
  artifactKey: Guid(a163cfd5595c80f4187a975dd66f4b9d) Importer(815301076,1909f56bfc062723c751e8b465ee728b)
Start importing Assets/Resources/Environment/Overworld.png using Guid(a163cfd5595c80f4187a975dd66f4b9d) Importer(815301076,1909f56bfc062723c751e8b465ee728b)  -> (artifact id: '674485f97edd3e70e4b79d68118dc48d') in 0.037129 seconds 
========================================================================
Received Import Request.
  Time since last request: 14.079563 seconds.
  path: Assets/Resources/Environment/Overworld.png
  artifactKey: Guid(a163cfd5595c80f4187a975dd66f4b9d) Importer(815301076,1909f56bfc062723c751e8b465ee728b)
Start importing Assets/Resources/Environment/Overworld.png using Guid(a163cfd5595c80f4187a975dd66f4b9d) Importer(815301076,1909f56bfc062723c751e8b465ee728b)  -> (artifact id: 'ae04aa75e29ede895ffff2917fa8e6a4') in 0.035427 seconds 
========================================================================
Received Import Request.
  Time since last request: 14.097675 seconds.
  path: Assets/Resources/Environment/Overworld.png
  artifactKey: Guid(a163cfd5595c80f4187a975dd66f4b9d) Importer(815301076,1909f56bfc062723c751e8b465ee728b)
Start importing Assets/Resources/Environment/Overworld.png using Guid(a163cfd5595c80f4187a975dd66f4b9d) Importer(815301076,1909f56bfc062723c751e8b465ee728b)  -> (artifact id: '10086bbb0a10a27e27afcb1602a12e6e') in 0.036225 seconds 
========================================================================
Received Import Request.
  Time since last request: 30.022918 seconds.
  path: Assets/Resources/Environment/Overworld.png
  artifactKey: Guid(a163cfd5595c80f4187a975dd66f4b9d) Importer(815301076,1909f56bfc062723c751e8b465ee728b)
Start importing Assets/Resources/Environment/Overworld.png using Guid(a163cfd5595c80f4187a975dd66f4b9d) Importer(815301076,1909f56bfc062723c751e8b465ee728b)  -> (artifact id: '24bff2951b39727a9f61d5e8d48c01a0') in 0.037658 seconds 
========================================================================
Received Import Request.
  Time since last request: 66.199675 seconds.
  path: Assets/Resources/Environment/Overworld.png
  artifactKey: Guid(a163cfd5595c80f4187a975dd66f4b9d) Importer(815301076,1909f56bfc062723c751e8b465ee728b)
Start importing Assets/Resources/Environment/Overworld.png using Guid(a163cfd5595c80f4187a975dd66f4b9d) Importer(815301076,1909f56bfc062723c751e8b465ee728b)  -> (artifact id: '2cf86e9530261e24ac3e0e2c39bcaaba') in 0.035957 seconds 
========================================================================
Received Import Request.
  Time since last request: 20.296139 seconds.
  path: Assets/Resources/Environment/Overworld.png
  artifactKey: Guid(a163cfd5595c80f4187a975dd66f4b9d) Importer(815301076,1909f56bfc062723c751e8b465ee728b)
Start importing Assets/Resources/Environment/Overworld.png using Guid(a163cfd5595c80f4187a975dd66f4b9d) Importer(815301076,1909f56bfc062723c751e8b465ee728b)  -> (artifact id: 'be5588449d0baf4b599c0f80570f08cf') in 0.038737 seconds 
========================================================================
Received Import Request.
  Time since last request: 10.588396 seconds.
  path: Assets/Resources/Environment/Overworld.png
  artifactKey: Guid(a163cfd5595c80f4187a975dd66f4b9d) Importer(815301076,1909f56bfc062723c751e8b465ee728b)
Start importing Assets/Resources/Environment/Overworld.png using Guid(a163cfd5595c80f4187a975dd66f4b9d) Importer(815301076,1909f56bfc062723c751e8b465ee728b)  -> (artifact id: '56923ece24b1aee502b1ff713972b537') in 0.037432 seconds 
========================================================================
Received Import Request.
  Time since last request: 8.468247 seconds.
  path: Assets/Resources/Environment/Overworld.png
  artifactKey: Guid(a163cfd5595c80f4187a975dd66f4b9d) Importer(815301076,1909f56bfc062723c751e8b465ee728b)
Start importing Assets/Resources/Environment/Overworld.png using Guid(a163cfd5595c80f4187a975dd66f4b9d) Importer(815301076,1909f56bfc062723c751e8b465ee728b)  -> (artifact id: 'f8d52e4f223ee43fbf0c9c605cb166d0') in 0.034144 seconds 
========================================================================
Received Import Request.
  Time since last request: 9.447166 seconds.
  path: Assets/Resources/Environment/Overworld.png
  artifactKey: Guid(a163cfd5595c80f4187a975dd66f4b9d) Importer(815301076,1909f56bfc062723c751e8b465ee728b)
Start importing Assets/Resources/Environment/Overworld.png using Guid(a163cfd5595c80f4187a975dd66f4b9d) Importer(815301076,1909f56bfc062723c751e8b465ee728b)  -> (artifact id: '72499a05d227acf6e61b3e10a1e2f527') in 0.037419 seconds 
========================================================================
Received Import Request.
  Time since last request: 4.640928 seconds.
  path: Assets/Resources/Environment/Overworld.png
  artifactKey: Guid(a163cfd5595c80f4187a975dd66f4b9d) Importer(815301076,1909f56bfc062723c751e8b465ee728b)
Start importing Assets/Resources/Environment/Overworld.png using Guid(a163cfd5595c80f4187a975dd66f4b9d) Importer(815301076,1909f56bfc062723c751e8b465ee728b)  -> (artifact id: 'ba7758f27bf2e4ee8bafb12c1338141b') in 0.036257 seconds 
========================================================================
Received Import Request.
  Time since last request: 15.930328 seconds.
  path: Assets/Resources/Environment/Overworld.png
  artifactKey: Guid(a163cfd5595c80f4187a975dd66f4b9d) Importer(815301076,1909f56bfc062723c751e8b465ee728b)
Start importing Assets/Resources/Environment/Overworld.png using Guid(a163cfd5595c80f4187a975dd66f4b9d) Importer(815301076,1909f56bfc062723c751e8b465ee728b)  -> (artifact id: '8873891ca77fd4b3abe6f26d992355aa') in 0.035335 seconds 
========================================================================
Received Import Request.
  Time since last request: 6.956354 seconds.
  path: Assets/Resources/Environment/Overworld.png
  artifactKey: Guid(a163cfd5595c80f4187a975dd66f4b9d) Importer(815301076,1909f56bfc062723c751e8b465ee728b)
Start importing Assets/Resources/Environment/Overworld.png using Guid(a163cfd5595c80f4187a975dd66f4b9d) Importer(815301076,1909f56bfc062723c751e8b465ee728b)  -> (artifact id: '554f40ef7123eacdd7d3f31cac446806') in 0.036385 seconds 
========================================================================
Received Import Request.
  Time since last request: 34.908471 seconds.
  path: Assets/Resources/Environment/Overworld.png
  artifactKey: Guid(a163cfd5595c80f4187a975dd66f4b9d) Importer(815301076,1909f56bfc062723c751e8b465ee728b)
Start importing Assets/Resources/Environment/Overworld.png using Guid(a163cfd5595c80f4187a975dd66f4b9d) Importer(815301076,1909f56bfc062723c751e8b465ee728b)  -> (artifact id: '852f142a0893e43dd2f65e58ea5e558e') in 0.037255 seconds 
========================================================================
Received Import Request.
  Time since last request: 73.995667 seconds.
  path: Assets/Resources/Environment/Overworld.png
  artifactKey: Guid(a163cfd5595c80f4187a975dd66f4b9d) Importer(815301076,1909f56bfc062723c751e8b465ee728b)
Start importing Assets/Resources/Environment/Overworld.png using Guid(a163cfd5595c80f4187a975dd66f4b9d) Importer(815301076,1909f56bfc062723c751e8b465ee728b)  -> (artifact id: '54a815f4ef737dd06f30cb7035bc5169') in 0.036293 seconds 
========================================================================
Received Import Request.
  Time since last request: 20.855512 seconds.
  path: Assets/Resources/Environment/Overworld.png
  artifactKey: Guid(a163cfd5595c80f4187a975dd66f4b9d) Importer(815301076,1909f56bfc062723c751e8b465ee728b)
Start importing Assets/Resources/Environment/Overworld.png using Guid(a163cfd5595c80f4187a975dd66f4b9d) Importer(815301076,1909f56bfc062723c751e8b465ee728b)  -> (artifact id: '56f6a9e4051e65ce7b25d4750d04b3d2') in 0.035884 seconds 
========================================================================
Received Import Request.
  Time since last request: 7.253802 seconds.
  path: Assets/Resources/Environment/Overworld.png
  artifactKey: Guid(a163cfd5595c80f4187a975dd66f4b9d) Importer(815301076,1909f56bfc062723c751e8b465ee728b)
Start importing Assets/Resources/Environment/Overworld.png using Guid(a163cfd5595c80f4187a975dd66f4b9d) Importer(815301076,1909f56bfc062723c751e8b465ee728b)  -> (artifact id: 'b3d3f8ca8ee74b225615ce0ea014eff8') in 0.037921 seconds 
========================================================================
Received Import Request.
  Time since last request: 302.888968 seconds.
  path: Assets/Resources/Environment/Overworld.png
  artifactKey: Guid(a163cfd5595c80f4187a975dd66f4b9d) Importer(815301076,1909f56bfc062723c751e8b465ee728b)
Start importing Assets/Resources/Environment/Overworld.png using Guid(a163cfd5595c80f4187a975dd66f4b9d) Importer(815301076,1909f56bfc062723c751e8b465ee728b)  -> (artifact id: 'be4090876ee5963f154c54ecc921ece6') in 0.039479 seconds 
========================================================================
Received Import Request.
  Time since last request: 16.595022 seconds.
  path: Assets/Resources/Environment/Overworld.png
  artifactKey: Guid(a163cfd5595c80f4187a975dd66f4b9d) Importer(815301076,1909f56bfc062723c751e8b465ee728b)
Start importing Assets/Resources/Environment/Overworld.png using Guid(a163cfd5595c80f4187a975dd66f4b9d) Importer(815301076,1909f56bfc062723c751e8b465ee728b)  -> (artifact id: '52ad1f1df9e3acf1e316f940ff8a5bba') in 0.042323 seconds 
========================================================================
Received Import Request.
  Time since last request: 521.931620 seconds.
  path: Assets/Resources/Environment/Overworld.png
  artifactKey: Guid(a163cfd5595c80f4187a975dd66f4b9d) Importer(815301076,1909f56bfc062723c751e8b465ee728b)
Start importing Assets/Resources/Environment/Overworld.png using Guid(a163cfd5595c80f4187a975dd66f4b9d) Importer(815301076,1909f56bfc062723c751e8b465ee728b)  -> (artifact id: 'f5f0a3106954f9674e12fb919f085004') in 0.040875 seconds 
========================================================================
Received Import Request.
  Time since last request: 89.633399 seconds.
  path: Assets/Resources/Environment/Overworld.png
  artifactKey: Guid(a163cfd5595c80f4187a975dd66f4b9d) Importer(815301076,1909f56bfc062723c751e8b465ee728b)
Start importing Assets/Resources/Environment/Overworld.png using Guid(a163cfd5595c80f4187a975dd66f4b9d) Importer(815301076,1909f56bfc062723c751e8b465ee728b)  -> (artifact id: '9573659e4669787d657deac2123acc46') in 0.041853 seconds 
========================================================================
Received Import Request.
  Time since last request: 18.054732 seconds.
  path: Assets/Resources/Environment/Overworld.png
  artifactKey: Guid(a163cfd5595c80f4187a975dd66f4b9d) Importer(815301076,1909f56bfc062723c751e8b465ee728b)
Start importing Assets/Resources/Environment/Overworld.png using Guid(a163cfd5595c80f4187a975dd66f4b9d) Importer(815301076,1909f56bfc062723c751e8b465ee728b)  -> (artifact id: '3c1e7f7e4534530be5d47e357a5fd4a8') in 0.038316 seconds 
========================================================================
Received Import Request.
  Time since last request: 135.538288 seconds.
  path: Assets/Resources/Environment/Overworld.png
  artifactKey: Guid(a163cfd5595c80f4187a975dd66f4b9d) Importer(815301076,1909f56bfc062723c751e8b465ee728b)
Start importing Assets/Resources/Environment/Overworld.png using Guid(a163cfd5595c80f4187a975dd66f4b9d) Importer(815301076,1909f56bfc062723c751e8b465ee728b)  -> (artifact id: '0ff8e8f0603872e5e2e78077711b483b') in 0.041058 seconds 
========================================================================
Received Import Request.
  Time since last request: 44.501152 seconds.
  path: Assets/Resources/Environment/Overworld.png
  artifactKey: Guid(a163cfd5595c80f4187a975dd66f4b9d) Importer(815301076,1909f56bfc062723c751e8b465ee728b)
Start importing Assets/Resources/Environment/Overworld.png using Guid(a163cfd5595c80f4187a975dd66f4b9d) Importer(815301076,1909f56bfc062723c751e8b465ee728b)  -> (artifact id: '1477ccc93a833feff9152f235f31cb84') in 0.037846 seconds 
========================================================================
Received Import Request.
  Time since last request: 25.527431 seconds.
  path: Assets/Resources/Environment/Overworld.png
  artifactKey: Guid(a163cfd5595c80f4187a975dd66f4b9d) Importer(815301076,1909f56bfc062723c751e8b465ee728b)
Start importing Assets/Resources/Environment/Overworld.png using Guid(a163cfd5595c80f4187a975dd66f4b9d) Importer(815301076,1909f56bfc062723c751e8b465ee728b)  -> (artifact id: '906faf59f4ce73778ba2f8e418b2716e') in 0.039442 seconds 
========================================================================
Received Import Request.
  Time since last request: 55.975846 seconds.
  path: Assets/Resources/Environment/Overworld.png
  artifactKey: Guid(a163cfd5595c80f4187a975dd66f4b9d) Importer(815301076,1909f56bfc062723c751e8b465ee728b)
Start importing Assets/Resources/Environment/Overworld.png using Guid(a163cfd5595c80f4187a975dd66f4b9d) Importer(815301076,1909f56bfc062723c751e8b465ee728b)  -> (artifact id: '7207a28a41d8c37f5712040ffdfc41ca') in 0.040184 seconds 
========================================================================
Received Import Request.
  Time since last request: 12.515486 seconds.
  path: Assets/Resources/Environment/Overworld.png
  artifactKey: Guid(a163cfd5595c80f4187a975dd66f4b9d) Importer(815301076,1909f56bfc062723c751e8b465ee728b)
Start importing Assets/Resources/Environment/Overworld.png using Guid(a163cfd5595c80f4187a975dd66f4b9d) Importer(815301076,1909f56bfc062723c751e8b465ee728b)  -> (artifact id: '6c04a9a8546e502a2499bbdb9631af68') in 0.042843 seconds 
========================================================================
Received Import Request.
  Time since last request: 239.410520 seconds.
  path: Assets/Resources/Environment/Overworld.png
  artifactKey: Guid(a163cfd5595c80f4187a975dd66f4b9d) Importer(815301076,1909f56bfc062723c751e8b465ee728b)
Start importing Assets/Resources/Environment/Overworld.png using Guid(a163cfd5595c80f4187a975dd66f4b9d) Importer(815301076,1909f56bfc062723c751e8b465ee728b)  -> (artifact id: 'efa7b1959f202dbace6969b64cf50f96') in 0.040364 seconds 
========================================================================
Received Import Request.
  Time since last request: 36.721074 seconds.
  path: Assets/Resources/Environment/Overworld.png
  artifactKey: Guid(a163cfd5595c80f4187a975dd66f4b9d) Importer(815301076,1909f56bfc062723c751e8b465ee728b)
Start importing Assets/Resources/Environment/Overworld.png using Guid(a163cfd5595c80f4187a975dd66f4b9d) Importer(815301076,1909f56bfc062723c751e8b465ee728b)  -> (artifact id: '27fe5bad8cab17a3521223a6496aa67e') in 0.042681 seconds 
========================================================================
Received Import Request.
  Time since last request: 14.333873 seconds.
  path: Assets/Resources/Environment/Overworld.png
  artifactKey: Guid(a163cfd5595c80f4187a975dd66f4b9d) Importer(815301076,1909f56bfc062723c751e8b465ee728b)
Start importing Assets/Resources/Environment/Overworld.png using Guid(a163cfd5595c80f4187a975dd66f4b9d) Importer(815301076,1909f56bfc062723c751e8b465ee728b)  -> (artifact id: '81f709888664066637c6c0bda6df05a2') in 0.041417 seconds 
========================================================================
Received Import Request.
  Time since last request: 154.054538 seconds.
  path: Assets/Resources/Environment/Overworld.png
  artifactKey: Guid(a163cfd5595c80f4187a975dd66f4b9d) Importer(815301076,1909f56bfc062723c751e8b465ee728b)
Start importing Assets/Resources/Environment/Overworld.png using Guid(a163cfd5595c80f4187a975dd66f4b9d) Importer(815301076,1909f56bfc062723c751e8b465ee728b)  -> (artifact id: 'cd05ef6de32032f2b5dfcd44e37adefc') in 0.044567 seconds 
========================================================================
Received Import Request.
  Time since last request: 18.306917 seconds.
  path: Assets/Resources/Environment/Overworld.png
  artifactKey: Guid(a163cfd5595c80f4187a975dd66f4b9d) Importer(815301076,1909f56bfc062723c751e8b465ee728b)
Start importing Assets/Resources/Environment/Overworld.png using Guid(a163cfd5595c80f4187a975dd66f4b9d) Importer(815301076,1909f56bfc062723c751e8b465ee728b)  -> (artifact id: '594ba0b3529996ce0eedf61078834f2c') in 0.041511 seconds 
========================================================================
Received Import Request.
  Time since last request: 42.018386 seconds.
  path: Assets/Resources/Environment/Overworld.png
  artifactKey: Guid(a163cfd5595c80f4187a975dd66f4b9d) Importer(815301076,1909f56bfc062723c751e8b465ee728b)
Start importing Assets/Resources/Environment/Overworld.png using Guid(a163cfd5595c80f4187a975dd66f4b9d) Importer(815301076,1909f56bfc062723c751e8b465ee728b)  -> (artifact id: '66b128093a3e834e140a76f4d20217bb') in 0.042800 seconds 
========================================================================
Received Import Request.
  Time since last request: 11.136093 seconds.
  path: Assets/Resources/Environment/Overworld.png
  artifactKey: Guid(a163cfd5595c80f4187a975dd66f4b9d) Importer(815301076,1909f56bfc062723c751e8b465ee728b)
Start importing Assets/Resources/Environment/Overworld.png using Guid(a163cfd5595c80f4187a975dd66f4b9d) Importer(815301076,1909f56bfc062723c751e8b465ee728b)  -> (artifact id: '5fc541e72898d16b1b4014e6e1fa05c0') in 0.043984 seconds 
========================================================================
Received Import Request.
  Time since last request: 110.446727 seconds.
  path: Assets/Resources/Environment/Overworld.png
  artifactKey: Guid(a163cfd5595c80f4187a975dd66f4b9d) Importer(815301076,1909f56bfc062723c751e8b465ee728b)
Start importing Assets/Resources/Environment/Overworld.png using Guid(a163cfd5595c80f4187a975dd66f4b9d) Importer(815301076,1909f56bfc062723c751e8b465ee728b)  -> (artifact id: '385f614251180a309c0624ce01ee7e55') in 0.051876 seconds 
========================================================================
Received Import Request.
  Time since last request: 15.962510 seconds.
  path: Assets/Resources/Environment/Overworld.png
  artifactKey: Guid(a163cfd5595c80f4187a975dd66f4b9d) Importer(815301076,1909f56bfc062723c751e8b465ee728b)
Start importing Assets/Resources/Environment/Overworld.png using Guid(a163cfd5595c80f4187a975dd66f4b9d) Importer(815301076,1909f56bfc062723c751e8b465ee728b)  -> (artifact id: '1a3524c52c327bf5c156756405f295c1') in 0.044491 seconds 
========================================================================
Received Import Request.
  Time since last request: 522.593259 seconds.
  path: Assets/Resources/Environment/Overworld.png
  artifactKey: Guid(a163cfd5595c80f4187a975dd66f4b9d) Importer(815301076,1909f56bfc062723c751e8b465ee728b)
Start importing Assets/Resources/Environment/Overworld.png using Guid(a163cfd5595c80f4187a975dd66f4b9d) Importer(815301076,1909f56bfc062723c751e8b465ee728b)  -> (artifact id: '604b82b55a90b95b72712ee664d4327c') in 0.047253 seconds 
========================================================================
Received Import Request.
  Time since last request: 14.971709 seconds.
  path: Assets/Resources/Environment/Overworld.png
  artifactKey: Guid(a163cfd5595c80f4187a975dd66f4b9d) Importer(815301076,1909f56bfc062723c751e8b465ee728b)
Start importing Assets/Resources/Environment/Overworld.png using Guid(a163cfd5595c80f4187a975dd66f4b9d) Importer(815301076,1909f56bfc062723c751e8b465ee728b)  -> (artifact id: '842266560e4fecc917a2354983a25f1d') in 0.048215 seconds 
========================================================================
Received Import Request.
  Time since last request: 92.607075 seconds.
  path: Assets/Resources/Environment/Overworld.png
  artifactKey: Guid(a163cfd5595c80f4187a975dd66f4b9d) Importer(815301076,1909f56bfc062723c751e8b465ee728b)
Start importing Assets/Resources/Environment/Overworld.png using Guid(a163cfd5595c80f4187a975dd66f4b9d) Importer(815301076,1909f56bfc062723c751e8b465ee728b)  -> (artifact id: '79d0be6c60f7fc6b4ea24f0fa0c6cc99') in 0.048642 seconds 
========================================================================
Received Import Request.
  Time since last request: 18.603240 seconds.
  path: Assets/Resources/Environment/Overworld.png
  artifactKey: Guid(a163cfd5595c80f4187a975dd66f4b9d) Importer(815301076,1909f56bfc062723c751e8b465ee728b)
Start importing Assets/Resources/Environment/Overworld.png using Guid(a163cfd5595c80f4187a975dd66f4b9d) Importer(815301076,1909f56bfc062723c751e8b465ee728b)  -> (artifact id: '32ed82ae2a334812094bed11bb62ca8c') in 0.049145 seconds 
========================================================================
Received Import Request.
  Time since last request: 69.412349 seconds.
  path: Assets/Resources/Environment/Overworld.png
  artifactKey: Guid(a163cfd5595c80f4187a975dd66f4b9d) Importer(815301076,1909f56bfc062723c751e8b465ee728b)
Start importing Assets/Resources/Environment/Overworld.png using Guid(a163cfd5595c80f4187a975dd66f4b9d) Importer(815301076,1909f56bfc062723c751e8b465ee728b)  -> (artifact id: '291b77ee229c24ee7b7516aced907af4') in 0.048821 seconds 
========================================================================
Received Import Request.
  Time since last request: 147.314313 seconds.
  path: Assets/Resources/Environment/Overworld.png
  artifactKey: Guid(a163cfd5595c80f4187a975dd66f4b9d) Importer(815301076,1909f56bfc062723c751e8b465ee728b)
Start importing Assets/Resources/Environment/Overworld.png using Guid(a163cfd5595c80f4187a975dd66f4b9d) Importer(815301076,1909f56bfc062723c751e8b465ee728b)  -> (artifact id: '4e1557752f6e44680c2eaf39915549b6') in 0.048465 seconds 
========================================================================
Received Import Request.
  Time since last request: 531.548897 seconds.
  path: Assets/Resources/Environment/Overworld.png
  artifactKey: Guid(a163cfd5595c80f4187a975dd66f4b9d) Importer(815301076,1909f56bfc062723c751e8b465ee728b)
Start importing Assets/Resources/Environment/Overworld.png using Guid(a163cfd5595c80f4187a975dd66f4b9d) Importer(815301076,1909f56bfc062723c751e8b465ee728b)  -> (artifact id: '1ef34ac3f03f1e9668676e57f473d029') in 0.052782 seconds 
========================================================================
Received Import Request.
  Time since last request: 11.056771 seconds.
  path: Assets/Resources/Environment/Overworld.png
  artifactKey: Guid(a163cfd5595c80f4187a975dd66f4b9d) Importer(815301076,1909f56bfc062723c751e8b465ee728b)
Start importing Assets/Resources/Environment/Overworld.png using Guid(a163cfd5595c80f4187a975dd66f4b9d) Importer(815301076,1909f56bfc062723c751e8b465ee728b)  -> (artifact id: '95be36cefab28e06fbd1cc24145bee3f') in 0.050820 seconds 
========================================================================
Received Import Request.
  Time since last request: 189.728936 seconds.
  path: Assets/Resources/Environment/Overworld.png
  artifactKey: Guid(a163cfd5595c80f4187a975dd66f4b9d) Importer(815301076,1909f56bfc062723c751e8b465ee728b)
Start importing Assets/Resources/Environment/Overworld.png using Guid(a163cfd5595c80f4187a975dd66f4b9d) Importer(815301076,1909f56bfc062723c751e8b465ee728b)  -> (artifact id: 'da65ee700dc7bab7426a7e77df56755b') in 0.054179 seconds 
========================================================================
Received Import Request.
  Time since last request: 24.065018 seconds.
  path: Assets/Resources/Environment/Overworld.png
  artifactKey: Guid(a163cfd5595c80f4187a975dd66f4b9d) Importer(815301076,1909f56bfc062723c751e8b465ee728b)
Start importing Assets/Resources/Environment/Overworld.png using Guid(a163cfd5595c80f4187a975dd66f4b9d) Importer(815301076,1909f56bfc062723c751e8b465ee728b)  -> (artifact id: 'b1bacccd1b90b6c52777fa9c8cad6c40') in 0.056563 seconds 
========================================================================
Received Import Request.
  Time since last request: 139.276314 seconds.
  path: Assets/Resources/Environment/Tile Palettes/Grass Rule.asset
  artifactKey: Guid(b08c19514f6fd2e4cb0fe7f809a5145d) Importer(815301076,1909f56bfc062723c751e8b465ee728b)
Start importing Assets/Resources/Environment/Tile Palettes/Grass Rule.asset using Guid(b08c19514f6fd2e4cb0fe7f809a5145d) Importer(815301076,1909f56bfc062723c751e8b465ee728b)  -> (artifact id: 'c9232828fed911cbd84ea4ee5305e285') in 0.012590 seconds 
========================================================================
Received Import Request.
  Time since last request: 250.629950 seconds.
  path: Assets/Resources/Environment/Tile Palettes/Grass Rule.asset
  artifactKey: Guid(b08c19514f6fd2e4cb0fe7f809a5145d) Importer(815301076,1909f56bfc062723c751e8b465ee728b)
Start importing Assets/Resources/Environment/Tile Palettes/Grass Rule.asset using Guid(b08c19514f6fd2e4cb0fe7f809a5145d) Importer(815301076,1909f56bfc062723c751e8b465ee728b)  -> (artifact id: '632b619cbcd9f21a4d81339c80070f1d') in 0.007880 seconds 
AssetImportWorkerClient::OnTransportError - code=2 error=End of file
